<?xml version="1.0" encoding="UTF-8"?>
<!-- Generated by org.testng.reporters.JUnitReportReporter -->
<testsuite hostname="QSP" failures="0" tests="1" name="com.Ecommerce.SkillRary.Signup.Scripts.AddingCoursecart" time="21.643" errors="0" timestamp="2021-04-27T08:16:03 IST" skipped="0">
  <testcase classname="com.Ecommerce.SkillRary.Signup.Scripts.AddingCoursecart" name="addtocart" time="21.643"/>
</testsuite> <!-- com.Ecommerce.SkillRary.Signup.Scripts.AddingCoursecart -->
