<?xml version="1.0" encoding="UTF-8"?>
<!-- Generated by org.testng.reporters.JUnitReportReporter -->
<testsuite hostname="QSP" failures="0" tests="1" name="com.Ecommerce.SkillRary.Signup.Scripts.TakeCourse" time="47.466" errors="0" timestamp="2021-04-27T08:16:03 IST" skipped="0">
  <testcase classname="com.Ecommerce.SkillRary.Signup.Scripts.TakeCourse" name="takeingcourse" time="47.466"/>
</testsuite> <!-- com.Ecommerce.SkillRary.Signup.Scripts.TakeCourse -->
